2022-10-30 11:32:04,502:INFO:PyCaret Supervised Module
2022-10-30 11:32:04,503:INFO:ML Usecase: clustering
2022-10-30 11:32:04,503:INFO:version 2.3.10
2022-10-30 11:32:04,503:INFO:Initializing setup()
2022-10-30 11:32:04,503:INFO:setup(target=None, ml_usecase=clustering, available_plots={'cluster': 'Cluster PCA Plot (2d)', 'tsne': 'Cluster TSnE (3d)', 'elbow': 'Elbow', 'silhouette': 'Silhouette', 'distance': 'Distance', 'distribution': 'Distribution'}, train_size=0.7, test_data=None, preprocess=True, imputation_type=simple, iterative_imputation_iters=5, categorical_features=None, categorical_imputation=mode, categorical_iterative_imputer=lightgbm, ordinal_features=None, high_cardinality_features=None, high_cardinality_method=frequency, numeric_features=None, numeric_imputation=mean, numeric_iterative_imputer=lightgbm, date_features=None, ignore_features=None, normalize=True, normalize_method=zscore, transformation=False, transformation_method=yeo-johnson, handle_unknown_categorical=True, unknown_categorical_method=least_frequent, pca=False, pca_method=linear, pca_components=None, ignore_low_variance=False, combine_rare_levels=False, rare_level_threshold=0.1, bin_numeric_features=None, remove_outliers=False, outliers_threshold=0.05, remove_multicollinearity=False, multicollinearity_threshold=0.9, remove_perfect_collinearity=False, create_clusters=False, cluster_iter=20, polynomial_features=False, polynomial_degree=2, trigonometry_features=False, polynomial_threshold=0.1, group_features=None, group_names=None, feature_selection=False, feature_selection_threshold=0.8, feature_selection_method=classic, feature_interaction=False, feature_ratio=False, interaction_threshold=0.01, fix_imbalance=False, fix_imbalance_method=None, transform_target=False, transform_target_method=box-cox, data_split_shuffle=False, data_split_stratify=False, fold_strategy=kfold, fold=10, fold_shuffle=False, fold_groups=None, n_jobs=-1, use_gpu=False, custom_pipeline=None, html=True, session_id=123, log_experiment=False, experiment_name=None, experiment_custom_tags=None, log_plots=False, log_profile=False, log_data=False, silent=False, verbose=True, profile=False, profile_kwargs=None, display=None)
2022-10-30 11:32:04,503:INFO:Checking environment
2022-10-30 11:32:04,503:INFO:python_version: 3.8.5
2022-10-30 11:32:04,503:INFO:python_build: ('default', 'Sep  4 2020 07:30:14')
2022-10-30 11:32:04,503:INFO:machine: x86_64
2022-10-30 11:32:04,528:INFO:platform: Linux-5.14.0-1054-oem-x86_64-with-glibc2.10
2022-10-30 11:32:04,529:INFO:Memory: svmem(total=33386254336, available=28316426240, percent=15.2, used=4124901376, free=13844729856, active=4386893824, inactive=13173436416, buffers=740773888, cached=14675849216, shared=473006080, slab=1416908800)
2022-10-30 11:32:04,530:INFO:Physical Core: 4
2022-10-30 11:32:04,530:INFO:Logical Core: 8
2022-10-30 11:32:04,530:INFO:Checking libraries
2022-10-30 11:32:04,530:INFO:pd==1.1.3
2022-10-30 11:32:04,530:INFO:numpy==1.19.2
2022-10-30 11:32:04,530:INFO:sklearn==0.23.2
2022-10-30 11:32:04,530:INFO:lightgbm==3.3.3
2022-10-30 11:32:04,530:WARNING:catboost not found
2022-10-30 11:32:04,531:WARNING:xgboost not found
2022-10-30 11:32:04,531:INFO:mlflow==1.30.0
2022-10-30 11:32:04,531:INFO:Checking Exceptions
2022-10-30 11:32:04,531:INFO:Declaring global variables
2022-10-30 11:32:04,531:INFO:USI: b2ed
2022-10-30 11:32:04,531:INFO:pycaret_globals: {'stratify_param', 'seed', '_ml_usecase', '_gpu_n_jobs_param', 'imputation_regressor', 'fix_imbalance_param', 'display_container', 'logging_param', 'iterative_imputation_iters_param', 'pycaret_globals', 'gpu_param', 'transform_target_param', 'master_model_container', 'X', 'prep_pipe', 'fold_param', 'transform_target_method_param', 'create_model_container', '_internal_pipeline', 'dashboard_logger', 'fold_groups_param', 'exp_name_log', 'fold_shuffle_param', 'data_before_preprocess', '_available_plots', 'html_param', '_all_models', 'USI', '_all_metrics', 'log_plots_param', 'n_jobs_param', 'fold_groups_param_full', 'target_param', '_all_models_internal', 'fold_generator', 'fix_imbalance_method_param', 'imputation_classifier', 'experiment__'}
2022-10-30 11:32:04,531:INFO:Preparing display monitor
2022-10-30 11:32:04,531:INFO:Preparing display monitor
2022-10-30 11:32:04,550:INFO:Importing libraries
2022-10-30 11:32:04,550:INFO:Copying data for preprocessing
2022-10-30 11:32:04,564:INFO:Declaring preprocessing parameters
2022-10-30 11:32:04,573:INFO:Creating preprocessing pipeline
2022-10-30 11:32:04,623:INFO:Preprocessing pipeline created successfully
2022-10-30 11:32:04,623:ERROR:(Process Exit): setup has been interupted with user command 'quit'. setup must rerun.
2022-10-30 11:32:04,623:INFO:Creating global containers
2022-10-30 11:32:04,631:INFO:Internal pipeline: Pipeline(memory=None, steps=[('empty_step', 'passthrough')], verbose=False)
2022-10-30 11:41:55,788:INFO:Creating grid variables
2022-10-30 11:41:55,870:INFO:create_model_container: 0
2022-10-30 11:41:55,870:INFO:master_model_container: 0
2022-10-30 11:41:55,870:INFO:display_container: 1
2022-10-30 11:41:55,880:INFO:Pipeline(memory=None,
         steps=[('dtypes',
                 DataTypes_Auto_infer(categorical_features=[],
                                      display_types=True, features_todrop=[],
                                      id_columns=[], ml_usecase='regression',
                                      numerical_features=[],
                                      target='UNSUPERVISED_DUMMY_TARGET',
                                      time_features=[])),
                ('imputer',
                 Simple_Imputer(categorical_strategy='most frequent',
                                fill_value_categorical=None,
                                fill_value_numerical=None...
                ('P_transform', 'passthrough'), ('binn', 'passthrough'),
                ('rem_outliers', 'passthrough'), ('cluster_all', 'passthrough'),
                ('dummy', Dummify(target='UNSUPERVISED_DUMMY_TARGET')),
                ('fix_perfect', 'passthrough'),
                ('clean_names', Clean_Colum_Names()),
                ('feature_select', 'passthrough'), ('fix_multi', 'passthrough'),
                ('dfs', 'passthrough'), ('pca', 'passthrough')],
         verbose=False)
2022-10-30 11:41:55,880:INFO:setup() succesfully completed......................................
2022-10-30 11:44:59,813:INFO:Initializing create_model()
2022-10-30 11:44:59,813:INFO:create_model(estimator=kmeans, num_clusters=4, fraction=0.05, ground_truth=None, round=4, fit_kwargs=None, verbose=True, system=True, add_to_model_list=True, raise_num_clusters=False, experiment_custom_tags=None, display=None, kwargs={})
2022-10-30 11:44:59,813:INFO:Checking exceptions
2022-10-30 11:44:59,814:INFO:Preparing display monitor
2022-10-30 11:44:59,831:INFO:Importing libraries
2022-10-30 11:44:59,839:INFO:Importing untrained model
2022-10-30 11:44:59,847:INFO:K-Means Clustering Imported succesfully
2022-10-30 11:44:59,853:INFO:Fitting Model
2022-10-30 11:58:44,660:INFO:KMeans(algorithm='auto', copy_x=True, init='k-means++', max_iter=300,
       n_clusters=4, n_init=10, n_jobs=-1, precompute_distances='deprecated',
       random_state=123, tol=0.0001, verbose=0)
2022-10-30 11:58:44,660:INFO:create_models() succesfully completed......................................
2022-10-30 11:58:44,661:INFO:Uploading results into container
2022-10-30 11:58:44,664:INFO:Uploading model into container now
2022-10-30 11:58:44,670:INFO:create_model_container: 1
2022-10-30 11:58:44,670:INFO:master_model_container: 1
2022-10-30 11:58:44,670:INFO:display_container: 2
2022-10-30 11:58:44,671:INFO:KMeans(algorithm='auto', copy_x=True, init='k-means++', max_iter=300,
       n_clusters=4, n_init=10, n_jobs=-1, precompute_distances='deprecated',
       random_state=123, tol=0.0001, verbose=0)
2022-10-30 11:58:44,671:INFO:create_model() succesfully completed......................................
2022-10-30 12:03:30,561:INFO:Initializing create_model()
2022-10-30 12:03:30,561:INFO:create_model(estimator=kmodes, num_clusters=6, fraction=0.05, ground_truth=None, round=4, fit_kwargs=None, verbose=True, system=True, add_to_model_list=True, raise_num_clusters=False, experiment_custom_tags=None, display=None, kwargs={})
2022-10-30 12:03:30,561:INFO:Checking exceptions
2022-10-30 12:03:30,561:INFO:Preparing display monitor
2022-10-30 12:03:30,582:INFO:Importing libraries
2022-10-30 12:03:30,588:INFO:Importing untrained model
2022-10-30 12:03:30,595:INFO:K-Modes Clustering Imported succesfully
2022-10-30 12:03:30,607:INFO:Fitting Model
2022-10-30 12:27:24,007:INFO:PyCaret Supervised Module
2022-10-30 12:27:24,007:INFO:ML Usecase: clustering
2022-10-30 12:27:24,007:INFO:version 2.3.10
2022-10-30 12:27:24,007:INFO:Initializing setup()
2022-10-30 12:27:24,007:INFO:setup(target=None, ml_usecase=clustering, available_plots={'cluster': 'Cluster PCA Plot (2d)', 'tsne': 'Cluster TSnE (3d)', 'elbow': 'Elbow', 'silhouette': 'Silhouette', 'distance': 'Distance', 'distribution': 'Distribution'}, train_size=0.7, test_data=None, preprocess=True, imputation_type=simple, iterative_imputation_iters=5, categorical_features=None, categorical_imputation=mode, categorical_iterative_imputer=lightgbm, ordinal_features=None, high_cardinality_features=None, high_cardinality_method=frequency, numeric_features=None, numeric_imputation=mean, numeric_iterative_imputer=lightgbm, date_features=None, ignore_features=None, normalize=True, normalize_method=zscore, transformation=False, transformation_method=yeo-johnson, handle_unknown_categorical=True, unknown_categorical_method=least_frequent, pca=False, pca_method=linear, pca_components=None, ignore_low_variance=False, combine_rare_levels=False, rare_level_threshold=0.1, bin_numeric_features=None, remove_outliers=False, outliers_threshold=0.05, remove_multicollinearity=False, multicollinearity_threshold=0.9, remove_perfect_collinearity=False, create_clusters=False, cluster_iter=20, polynomial_features=False, polynomial_degree=2, trigonometry_features=False, polynomial_threshold=0.1, group_features=None, group_names=None, feature_selection=False, feature_selection_threshold=0.8, feature_selection_method=classic, feature_interaction=False, feature_ratio=False, interaction_threshold=0.01, fix_imbalance=False, fix_imbalance_method=None, transform_target=False, transform_target_method=box-cox, data_split_shuffle=False, data_split_stratify=False, fold_strategy=kfold, fold=10, fold_shuffle=False, fold_groups=None, n_jobs=-1, use_gpu=False, custom_pipeline=None, html=True, session_id=123, log_experiment=False, experiment_name=None, experiment_custom_tags=None, log_plots=False, log_profile=False, log_data=False, silent=False, verbose=True, profile=False, profile_kwargs=None, display=None)
2022-10-30 12:27:24,007:INFO:Checking environment
2022-10-30 12:27:24,007:INFO:python_version: 3.8.5
2022-10-30 12:27:24,007:INFO:python_build: ('default', 'Sep  4 2020 07:30:14')
2022-10-30 12:27:24,007:INFO:machine: x86_64
2022-10-30 12:27:24,032:INFO:platform: Linux-5.14.0-1054-oem-x86_64-with-glibc2.10
2022-10-30 12:27:24,033:INFO:Memory: svmem(total=33386254336, available=27118944256, percent=18.8, used=5483008000, free=25623650304, active=1241001984, inactive=5808394240, buffers=233787392, cached=2045808640, shared=306638848, slab=347389952)
2022-10-30 12:27:24,033:INFO:Physical Core: 4
2022-10-30 12:27:24,034:INFO:Logical Core: 8
2022-10-30 12:27:24,034:INFO:Checking libraries
2022-10-30 12:27:24,034:INFO:pd==1.1.3
2022-10-30 12:27:24,034:INFO:numpy==1.19.2
2022-10-30 12:27:24,034:INFO:sklearn==0.23.2
2022-10-30 12:27:24,034:INFO:lightgbm==3.3.3
2022-10-30 12:27:24,034:WARNING:catboost not found
2022-10-30 12:27:24,034:WARNING:xgboost not found
2022-10-30 12:27:24,034:INFO:mlflow==1.30.0
2022-10-30 12:27:24,034:INFO:Checking Exceptions
2022-10-30 12:27:24,034:INFO:Declaring global variables
2022-10-30 12:27:24,034:INFO:USI: 1d98
2022-10-30 12:27:24,034:INFO:pycaret_globals: {'fold_groups_param', 'transform_target_param', 'iterative_imputation_iters_param', 'USI', '_all_models', 'n_jobs_param', 'fix_imbalance_param', 'gpu_param', '_gpu_n_jobs_param', 'transform_target_method_param', 'display_container', 'logging_param', 'log_plots_param', 'data_before_preprocess', 'prep_pipe', 'dashboard_logger', 'html_param', 'pycaret_globals', 'fold_generator', 'fix_imbalance_method_param', 'create_model_container', 'seed', 'exp_name_log', '_all_metrics', 'stratify_param', '_all_models_internal', 'X', 'experiment__', '_internal_pipeline', 'imputation_regressor', '_available_plots', 'fold_param', 'fold_groups_param_full', 'imputation_classifier', 'target_param', 'master_model_container', 'fold_shuffle_param', '_ml_usecase'}
2022-10-30 12:27:24,034:INFO:Preparing display monitor
2022-10-30 12:27:24,035:INFO:Preparing display monitor
2022-10-30 12:27:24,046:INFO:Importing libraries
2022-10-30 12:27:24,046:INFO:Copying data for preprocessing
2022-10-30 12:27:24,055:INFO:Declaring preprocessing parameters
2022-10-30 12:27:24,064:INFO:Creating preprocessing pipeline
2022-10-30 12:27:24,122:INFO:Preprocessing pipeline created successfully
2022-10-30 12:27:24,122:ERROR:(Process Exit): setup has been interupted with user command 'quit'. setup must rerun.
2022-10-30 12:27:24,122:INFO:Creating global containers
2022-10-30 12:27:24,123:INFO:Internal pipeline: Pipeline(memory=None, steps=[('empty_step', 'passthrough')], verbose=False)
2022-10-30 12:27:37,936:INFO:Creating grid variables
2022-10-30 12:27:37,997:INFO:create_model_container: 0
2022-10-30 12:27:37,997:INFO:master_model_container: 0
2022-10-30 12:27:37,997:INFO:display_container: 1
2022-10-30 12:27:38,002:INFO:Pipeline(memory=None,
         steps=[('dtypes',
                 DataTypes_Auto_infer(categorical_features=[],
                                      display_types=True, features_todrop=[],
                                      id_columns=[], ml_usecase='regression',
                                      numerical_features=[],
                                      target='UNSUPERVISED_DUMMY_TARGET',
                                      time_features=[])),
                ('imputer',
                 Simple_Imputer(categorical_strategy='most frequent',
                                fill_value_categorical=None,
                                fill_value_numerical=None...
                ('P_transform', 'passthrough'), ('binn', 'passthrough'),
                ('rem_outliers', 'passthrough'), ('cluster_all', 'passthrough'),
                ('dummy', Dummify(target='UNSUPERVISED_DUMMY_TARGET')),
                ('fix_perfect', 'passthrough'),
                ('clean_names', Clean_Colum_Names()),
                ('feature_select', 'passthrough'), ('fix_multi', 'passthrough'),
                ('dfs', 'passthrough'), ('pca', 'passthrough')],
         verbose=False)
2022-10-30 12:27:38,003:INFO:setup() succesfully completed......................................
2022-10-30 12:27:42,126:INFO:Initializing create_model()
2022-10-30 12:27:42,127:INFO:create_model(estimator=kmeans, num_clusters=4, fraction=0.05, ground_truth=None, round=4, fit_kwargs=None, verbose=True, system=True, add_to_model_list=True, raise_num_clusters=False, experiment_custom_tags=None, display=None, kwargs={})
2022-10-30 12:27:42,127:INFO:Checking exceptions
2022-10-30 12:27:42,127:INFO:Preparing display monitor
2022-10-30 12:27:42,144:INFO:Importing libraries
2022-10-30 12:27:42,151:INFO:Importing untrained model
2022-10-30 12:27:42,158:INFO:K-Means Clustering Imported succesfully
2022-10-30 12:27:42,166:INFO:Fitting Model
2022-10-30 12:42:24,614:INFO:KMeans(algorithm='auto', copy_x=True, init='k-means++', max_iter=300,
       n_clusters=4, n_init=10, n_jobs=-1, precompute_distances='deprecated',
       random_state=123, tol=0.0001, verbose=0)
2022-10-30 12:42:24,614:INFO:create_models() succesfully completed......................................
2022-10-30 12:42:24,615:INFO:Uploading results into container
2022-10-30 12:42:24,619:INFO:Uploading model into container now
2022-10-30 12:42:24,625:INFO:create_model_container: 1
2022-10-30 12:42:24,625:INFO:master_model_container: 1
2022-10-30 12:42:24,625:INFO:display_container: 2
2022-10-30 12:42:24,626:INFO:KMeans(algorithm='auto', copy_x=True, init='k-means++', max_iter=300,
       n_clusters=4, n_init=10, n_jobs=-1, precompute_distances='deprecated',
       random_state=123, tol=0.0001, verbose=0)
2022-10-30 12:42:24,626:INFO:create_model() succesfully completed......................................
2022-10-30 12:42:35,019:INFO:Initializing create_model()
2022-10-30 12:42:35,019:INFO:create_model(estimator=kmodes, num_clusters=6, fraction=0.05, ground_truth=None, round=4, fit_kwargs=None, verbose=True, system=True, add_to_model_list=True, raise_num_clusters=False, experiment_custom_tags=None, display=None, kwargs={})
2022-10-30 12:42:35,019:INFO:Checking exceptions
2022-10-30 12:42:35,019:INFO:Preparing display monitor
2022-10-30 12:42:35,037:INFO:Importing libraries
2022-10-30 12:42:35,046:INFO:Importing untrained model
2022-10-30 12:42:35,054:INFO:K-Modes Clustering Imported succesfully
2022-10-30 12:42:35,064:INFO:Fitting Model
2022-10-30 12:47:38,472:INFO:PyCaret Supervised Module
2022-10-30 12:47:38,472:INFO:ML Usecase: clustering
2022-10-30 12:47:38,472:INFO:version 2.3.10
2022-10-30 12:47:38,472:INFO:Initializing setup()
2022-10-30 12:47:38,472:INFO:setup(target=None, ml_usecase=clustering, available_plots={'cluster': 'Cluster PCA Plot (2d)', 'tsne': 'Cluster TSnE (3d)', 'elbow': 'Elbow', 'silhouette': 'Silhouette', 'distance': 'Distance', 'distribution': 'Distribution'}, train_size=0.7, test_data=None, preprocess=True, imputation_type=simple, iterative_imputation_iters=5, categorical_features=None, categorical_imputation=mode, categorical_iterative_imputer=lightgbm, ordinal_features=None, high_cardinality_features=None, high_cardinality_method=frequency, numeric_features=None, numeric_imputation=mean, numeric_iterative_imputer=lightgbm, date_features=None, ignore_features=None, normalize=True, normalize_method=zscore, transformation=False, transformation_method=yeo-johnson, handle_unknown_categorical=True, unknown_categorical_method=least_frequent, pca=False, pca_method=linear, pca_components=None, ignore_low_variance=False, combine_rare_levels=False, rare_level_threshold=0.1, bin_numeric_features=None, remove_outliers=False, outliers_threshold=0.05, remove_multicollinearity=False, multicollinearity_threshold=0.9, remove_perfect_collinearity=False, create_clusters=False, cluster_iter=20, polynomial_features=False, polynomial_degree=2, trigonometry_features=False, polynomial_threshold=0.1, group_features=None, group_names=None, feature_selection=False, feature_selection_threshold=0.8, feature_selection_method=classic, feature_interaction=False, feature_ratio=False, interaction_threshold=0.01, fix_imbalance=False, fix_imbalance_method=None, transform_target=False, transform_target_method=box-cox, data_split_shuffle=False, data_split_stratify=False, fold_strategy=kfold, fold=10, fold_shuffle=False, fold_groups=None, n_jobs=-1, use_gpu=False, custom_pipeline=None, html=True, session_id=123, log_experiment=False, experiment_name=None, experiment_custom_tags=None, log_plots=False, log_profile=False, log_data=False, silent=False, verbose=True, profile=False, profile_kwargs=None, display=None)
2022-10-30 12:47:38,472:INFO:Checking environment
2022-10-30 12:47:38,472:INFO:python_version: 3.8.5
2022-10-30 12:47:38,472:INFO:python_build: ('default', 'Sep  4 2020 07:30:14')
2022-10-30 12:47:38,472:INFO:machine: x86_64
2022-10-30 12:47:38,501:INFO:platform: Linux-5.14.0-1054-oem-x86_64-with-glibc2.10
2022-10-30 12:47:38,501:INFO:Memory: svmem(total=33386254336, available=27303624704, percent=18.2, used=5392363520, free=27020861440, active=1635811328, inactive=4084383744, buffers=58687488, cached=914341888, shared=231591936, slab=308006912)
2022-10-30 12:47:38,502:INFO:Physical Core: 4
2022-10-30 12:47:38,502:INFO:Logical Core: 8
2022-10-30 12:47:38,502:INFO:Checking libraries
2022-10-30 12:47:38,502:INFO:pd==1.1.3
2022-10-30 12:47:38,502:INFO:numpy==1.19.2
2022-10-30 12:47:38,502:INFO:sklearn==0.23.2
2022-10-30 12:47:38,502:INFO:lightgbm==3.3.3
2022-10-30 12:47:38,502:WARNING:catboost not found
2022-10-30 12:47:38,502:WARNING:xgboost not found
2022-10-30 12:47:38,502:INFO:mlflow==1.30.0
2022-10-30 12:47:38,502:INFO:Checking Exceptions
2022-10-30 12:47:38,503:INFO:Declaring global variables
2022-10-30 12:47:38,503:INFO:USI: 2c72
2022-10-30 12:47:38,503:INFO:pycaret_globals: {'fix_imbalance_param', 'n_jobs_param', 'imputation_regressor', 'fold_groups_param', '_all_models_internal', 'iterative_imputation_iters_param', '_gpu_n_jobs_param', 'transform_target_param', '_available_plots', 'prep_pipe', 'master_model_container', 'data_before_preprocess', 'target_param', '_all_metrics', 'display_container', 'stratify_param', 'create_model_container', 'exp_name_log', '_ml_usecase', '_all_models', 'fold_shuffle_param', 'fold_generator', 'seed', 'log_plots_param', 'fold_param', 'dashboard_logger', 'pycaret_globals', 'imputation_classifier', 'gpu_param', 'USI', '_internal_pipeline', 'fold_groups_param_full', 'html_param', 'fix_imbalance_method_param', 'logging_param', 'X', 'transform_target_method_param', 'experiment__'}
2022-10-30 12:47:38,503:INFO:Preparing display monitor
2022-10-30 12:47:38,503:INFO:Preparing display monitor
2022-10-30 12:47:38,515:INFO:Importing libraries
2022-10-30 12:47:38,515:INFO:Copying data for preprocessing
2022-10-30 12:47:38,525:INFO:Declaring preprocessing parameters
2022-10-30 12:47:38,534:INFO:Creating preprocessing pipeline
2022-10-30 12:47:38,586:INFO:Preprocessing pipeline created successfully
2022-10-30 12:47:38,586:ERROR:(Process Exit): setup has been interupted with user command 'quit'. setup must rerun.
2022-10-30 12:47:38,586:INFO:Creating global containers
2022-10-30 12:47:38,587:INFO:Internal pipeline: Pipeline(memory=None, steps=[('empty_step', 'passthrough')], verbose=False)
2022-10-30 12:47:50,655:INFO:Creating grid variables
2022-10-30 12:47:50,714:INFO:create_model_container: 0
2022-10-30 12:47:50,714:INFO:master_model_container: 0
2022-10-30 12:47:50,714:INFO:display_container: 1
2022-10-30 12:47:50,719:INFO:Pipeline(memory=None,
         steps=[('dtypes',
                 DataTypes_Auto_infer(categorical_features=[],
                                      display_types=True, features_todrop=[],
                                      id_columns=[], ml_usecase='regression',
                                      numerical_features=[],
                                      target='UNSUPERVISED_DUMMY_TARGET',
                                      time_features=[])),
                ('imputer',
                 Simple_Imputer(categorical_strategy='most frequent',
                                fill_value_categorical=None,
                                fill_value_numerical=None...
                ('P_transform', 'passthrough'), ('binn', 'passthrough'),
                ('rem_outliers', 'passthrough'), ('cluster_all', 'passthrough'),
                ('dummy', Dummify(target='UNSUPERVISED_DUMMY_TARGET')),
                ('fix_perfect', 'passthrough'),
                ('clean_names', Clean_Colum_Names()),
                ('feature_select', 'passthrough'), ('fix_multi', 'passthrough'),
                ('dfs', 'passthrough'), ('pca', 'passthrough')],
         verbose=False)
2022-10-30 12:47:50,719:INFO:setup() succesfully completed......................................
2022-10-30 12:48:04,466:INFO:Initializing create_model()
2022-10-30 12:48:04,466:INFO:create_model(estimator=kmeans, num_clusters=4, fraction=0.05, ground_truth=None, round=4, fit_kwargs=None, verbose=True, system=True, add_to_model_list=True, raise_num_clusters=False, experiment_custom_tags=None, display=None, kwargs={})
2022-10-30 12:48:04,466:INFO:Checking exceptions
2022-10-30 12:48:04,466:INFO:Preparing display monitor
2022-10-30 12:48:04,486:INFO:Importing libraries
2022-10-30 12:48:04,493:INFO:Importing untrained model
2022-10-30 12:48:04,500:INFO:K-Means Clustering Imported succesfully
2022-10-30 12:48:04,508:INFO:Fitting Model
2022-10-30 13:01:22,624:INFO:KMeans(algorithm='auto', copy_x=True, init='k-means++', max_iter=300,
       n_clusters=4, n_init=10, n_jobs=-1, precompute_distances='deprecated',
       random_state=123, tol=0.0001, verbose=0)
2022-10-30 13:01:22,624:INFO:create_models() succesfully completed......................................
2022-10-30 13:01:22,625:INFO:Uploading results into container
2022-10-30 13:01:22,628:INFO:Uploading model into container now
2022-10-30 13:01:22,634:INFO:create_model_container: 1
2022-10-30 13:01:22,634:INFO:master_model_container: 1
2022-10-30 13:01:22,634:INFO:display_container: 2
2022-10-30 13:01:22,635:INFO:KMeans(algorithm='auto', copy_x=True, init='k-means++', max_iter=300,
       n_clusters=4, n_init=10, n_jobs=-1, precompute_distances='deprecated',
       random_state=123, tol=0.0001, verbose=0)
2022-10-30 13:01:22,635:INFO:create_model() succesfully completed......................................
2022-10-30 16:10:39,124:INFO:Initializing create_model()
2022-10-30 16:10:39,125:INFO:create_model(estimator=kmodes, num_clusters=4, fraction=0.05, ground_truth=None, round=4, fit_kwargs=None, verbose=True, system=True, add_to_model_list=True, raise_num_clusters=False, experiment_custom_tags=None, display=None, kwargs={})
2022-10-30 16:10:39,125:INFO:Checking exceptions
2022-10-30 16:10:39,125:INFO:Preparing display monitor
2022-10-30 16:10:39,161:INFO:Importing libraries
2022-10-30 16:10:39,174:INFO:Importing untrained model
2022-10-30 16:10:39,186:INFO:K-Modes Clustering Imported succesfully
2022-10-30 16:10:39,199:INFO:Fitting Model
2022-10-30 16:19:03,543:INFO:PyCaret Supervised Module
2022-10-30 16:19:03,544:INFO:ML Usecase: clustering
2022-10-30 16:19:03,544:INFO:version 2.3.10
2022-10-30 16:19:03,544:INFO:Initializing setup()
2022-10-30 16:19:03,544:INFO:setup(target=None, ml_usecase=clustering, available_plots={'cluster': 'Cluster PCA Plot (2d)', 'tsne': 'Cluster TSnE (3d)', 'elbow': 'Elbow', 'silhouette': 'Silhouette', 'distance': 'Distance', 'distribution': 'Distribution'}, train_size=0.7, test_data=None, preprocess=True, imputation_type=simple, iterative_imputation_iters=5, categorical_features=None, categorical_imputation=mode, categorical_iterative_imputer=lightgbm, ordinal_features=None, high_cardinality_features=None, high_cardinality_method=frequency, numeric_features=None, numeric_imputation=mean, numeric_iterative_imputer=lightgbm, date_features=None, ignore_features=None, normalize=True, normalize_method=zscore, transformation=False, transformation_method=yeo-johnson, handle_unknown_categorical=True, unknown_categorical_method=least_frequent, pca=False, pca_method=linear, pca_components=None, ignore_low_variance=False, combine_rare_levels=False, rare_level_threshold=0.1, bin_numeric_features=None, remove_outliers=False, outliers_threshold=0.05, remove_multicollinearity=False, multicollinearity_threshold=0.9, remove_perfect_collinearity=False, create_clusters=False, cluster_iter=20, polynomial_features=False, polynomial_degree=2, trigonometry_features=False, polynomial_threshold=0.1, group_features=None, group_names=None, feature_selection=False, feature_selection_threshold=0.8, feature_selection_method=classic, feature_interaction=False, feature_ratio=False, interaction_threshold=0.01, fix_imbalance=False, fix_imbalance_method=None, transform_target=False, transform_target_method=box-cox, data_split_shuffle=False, data_split_stratify=False, fold_strategy=kfold, fold=10, fold_shuffle=False, fold_groups=None, n_jobs=-1, use_gpu=False, custom_pipeline=None, html=True, session_id=123, log_experiment=False, experiment_name=None, experiment_custom_tags=None, log_plots=False, log_profile=False, log_data=False, silent=False, verbose=True, profile=False, profile_kwargs=None, display=None)
2022-10-30 16:19:03,544:INFO:Checking environment
2022-10-30 16:19:03,544:INFO:python_version: 3.8.5
2022-10-30 16:19:03,544:INFO:python_build: ('default', 'Sep  4 2020 07:30:14')
2022-10-30 16:19:03,544:INFO:machine: x86_64
2022-10-30 16:19:03,571:INFO:platform: Linux-5.14.0-1054-oem-x86_64-with-glibc2.10
2022-10-30 16:19:03,571:INFO:Memory: svmem(total=33386254336, available=28621066240, percent=14.3, used=4018585600, free=28149530624, active=1760411648, inactive=2810630144, buffers=72609792, cached=1145528320, shared=284139520, slab=312332288)
2022-10-30 16:19:03,572:INFO:Physical Core: 4
2022-10-30 16:19:03,572:INFO:Logical Core: 8
2022-10-30 16:19:03,572:INFO:Checking libraries
2022-10-30 16:19:03,572:INFO:pd==1.1.3
2022-10-30 16:19:03,572:INFO:numpy==1.19.2
2022-10-30 16:19:03,572:INFO:sklearn==0.23.2
2022-10-30 16:19:03,572:INFO:lightgbm==3.3.3
2022-10-30 16:19:03,572:WARNING:catboost not found
2022-10-30 16:19:03,572:WARNING:xgboost not found
2022-10-30 16:19:03,572:INFO:mlflow==1.30.0
2022-10-30 16:19:03,573:INFO:Checking Exceptions
2022-10-30 16:19:03,573:INFO:Declaring global variables
2022-10-30 16:19:03,573:INFO:USI: f33d
2022-10-30 16:19:03,573:INFO:pycaret_globals: {'html_param', 'display_container', 'experiment__', 'pycaret_globals', 'gpu_param', 'data_before_preprocess', 'USI', 'prep_pipe', 'fold_groups_param', 'master_model_container', 'target_param', 'fix_imbalance_method_param', 'fold_param', 'create_model_container', '_all_models_internal', 'iterative_imputation_iters_param', 'fold_shuffle_param', 'seed', 'imputation_regressor', 'logging_param', 'fold_groups_param_full', 'log_plots_param', '_gpu_n_jobs_param', 'imputation_classifier', '_all_models', 'n_jobs_param', 'transform_target_param', 'stratify_param', 'X', 'exp_name_log', '_available_plots', 'fix_imbalance_param', '_ml_usecase', '_internal_pipeline', '_all_metrics', 'transform_target_method_param', 'fold_generator', 'dashboard_logger'}
2022-10-30 16:19:03,573:INFO:Preparing display monitor
2022-10-30 16:19:03,573:INFO:Preparing display monitor
2022-10-30 16:19:03,584:INFO:Importing libraries
2022-10-30 16:19:03,584:INFO:Copying data for preprocessing
2022-10-30 16:19:03,595:INFO:Declaring preprocessing parameters
2022-10-30 16:19:03,603:INFO:Creating preprocessing pipeline
2022-10-30 16:19:03,653:INFO:Preprocessing pipeline created successfully
2022-10-30 16:19:03,653:ERROR:(Process Exit): setup has been interupted with user command 'quit'. setup must rerun.
2022-10-30 16:19:03,653:INFO:Creating global containers
2022-10-30 16:19:03,655:INFO:Internal pipeline: Pipeline(memory=None, steps=[('empty_step', 'passthrough')], verbose=False)
2022-10-30 16:19:16,741:INFO:Creating grid variables
2022-10-30 16:19:16,802:INFO:create_model_container: 0
2022-10-30 16:19:16,802:INFO:master_model_container: 0
2022-10-30 16:19:16,802:INFO:display_container: 1
2022-10-30 16:19:16,809:INFO:Pipeline(memory=None,
         steps=[('dtypes',
                 DataTypes_Auto_infer(categorical_features=[],
                                      display_types=True, features_todrop=[],
                                      id_columns=[], ml_usecase='regression',
                                      numerical_features=[],
                                      target='UNSUPERVISED_DUMMY_TARGET',
                                      time_features=[])),
                ('imputer',
                 Simple_Imputer(categorical_strategy='most frequent',
                                fill_value_categorical=None,
                                fill_value_numerical=None...
                ('P_transform', 'passthrough'), ('binn', 'passthrough'),
                ('rem_outliers', 'passthrough'), ('cluster_all', 'passthrough'),
                ('dummy', Dummify(target='UNSUPERVISED_DUMMY_TARGET')),
                ('fix_perfect', 'passthrough'),
                ('clean_names', Clean_Colum_Names()),
                ('feature_select', 'passthrough'), ('fix_multi', 'passthrough'),
                ('dfs', 'passthrough'), ('pca', 'passthrough')],
         verbose=False)
2022-10-30 16:19:16,810:INFO:setup() succesfully completed......................................
2022-10-30 16:19:19,861:INFO:Initializing create_model()
2022-10-30 16:19:19,861:INFO:create_model(estimator=kmeans, num_clusters=4, fraction=0.05, ground_truth=None, round=4, fit_kwargs=None, verbose=True, system=True, add_to_model_list=True, raise_num_clusters=False, experiment_custom_tags=None, display=None, kwargs={})
2022-10-30 16:19:19,862:INFO:Checking exceptions
2022-10-30 16:19:19,862:INFO:Preparing display monitor
2022-10-30 16:19:19,903:INFO:Importing libraries
2022-10-30 16:19:19,923:INFO:Importing untrained model
2022-10-30 16:19:19,939:INFO:K-Means Clustering Imported succesfully
2022-10-30 16:19:19,950:INFO:Fitting Model
2022-10-30 16:28:47,885:INFO:KMeans(algorithm='auto', copy_x=True, init='k-means++', max_iter=300,
       n_clusters=4, n_init=10, n_jobs=-1, precompute_distances='deprecated',
       random_state=123, tol=0.0001, verbose=0)
2022-10-30 16:28:47,885:INFO:create_models() succesfully completed......................................
2022-10-30 16:28:47,886:INFO:Uploading results into container
2022-10-30 16:28:47,890:INFO:Uploading model into container now
2022-10-30 16:28:47,896:INFO:create_model_container: 1
2022-10-30 16:28:47,897:INFO:master_model_container: 1
2022-10-30 16:28:47,897:INFO:display_container: 2
2022-10-30 16:28:47,897:INFO:KMeans(algorithm='auto', copy_x=True, init='k-means++', max_iter=300,
       n_clusters=4, n_init=10, n_jobs=-1, precompute_distances='deprecated',
       random_state=123, tol=0.0001, verbose=0)
2022-10-30 16:28:47,897:INFO:create_model() succesfully completed......................................
2022-10-30 16:29:03,068:INFO:gpu_param set to False
2022-10-30 16:29:46,679:INFO:Initializing create_model()
2022-10-30 16:29:46,679:INFO:create_model(estimator=ap, num_clusters=4, fraction=0.05, ground_truth=None, round=4, fit_kwargs=None, verbose=True, system=True, add_to_model_list=True, raise_num_clusters=False, experiment_custom_tags=None, display=None, kwargs={})
2022-10-30 16:29:46,679:INFO:Checking exceptions
2022-10-30 16:29:46,679:INFO:Preparing display monitor
2022-10-30 16:29:46,713:INFO:Importing libraries
2022-10-30 16:29:46,725:INFO:Importing untrained model
2022-10-30 16:29:46,739:INFO:Affinity Propagation Imported succesfully
2022-10-30 16:29:46,755:INFO:Fitting Model
2022-10-30 16:34:13,385:INFO:PyCaret Supervised Module
2022-10-30 16:34:13,385:INFO:ML Usecase: clustering
2022-10-30 16:34:13,386:INFO:version 2.3.10
2022-10-30 16:34:13,386:INFO:Initializing setup()
2022-10-30 16:34:13,386:INFO:setup(target=None, ml_usecase=clustering, available_plots={'cluster': 'Cluster PCA Plot (2d)', 'tsne': 'Cluster TSnE (3d)', 'elbow': 'Elbow', 'silhouette': 'Silhouette', 'distance': 'Distance', 'distribution': 'Distribution'}, train_size=0.7, test_data=None, preprocess=True, imputation_type=simple, iterative_imputation_iters=5, categorical_features=None, categorical_imputation=mode, categorical_iterative_imputer=lightgbm, ordinal_features=None, high_cardinality_features=None, high_cardinality_method=frequency, numeric_features=None, numeric_imputation=mean, numeric_iterative_imputer=lightgbm, date_features=None, ignore_features=None, normalize=True, normalize_method=zscore, transformation=False, transformation_method=yeo-johnson, handle_unknown_categorical=True, unknown_categorical_method=least_frequent, pca=False, pca_method=linear, pca_components=None, ignore_low_variance=False, combine_rare_levels=False, rare_level_threshold=0.1, bin_numeric_features=None, remove_outliers=False, outliers_threshold=0.05, remove_multicollinearity=False, multicollinearity_threshold=0.9, remove_perfect_collinearity=False, create_clusters=False, cluster_iter=20, polynomial_features=False, polynomial_degree=2, trigonometry_features=False, polynomial_threshold=0.1, group_features=None, group_names=None, feature_selection=False, feature_selection_threshold=0.8, feature_selection_method=classic, feature_interaction=False, feature_ratio=False, interaction_threshold=0.01, fix_imbalance=False, fix_imbalance_method=None, transform_target=False, transform_target_method=box-cox, data_split_shuffle=False, data_split_stratify=False, fold_strategy=kfold, fold=10, fold_shuffle=False, fold_groups=None, n_jobs=-1, use_gpu=False, custom_pipeline=None, html=True, session_id=123, log_experiment=False, experiment_name=None, experiment_custom_tags=None, log_plots=False, log_profile=False, log_data=False, silent=False, verbose=True, profile=False, profile_kwargs=None, display=None)
2022-10-30 16:34:13,386:INFO:Checking environment
2022-10-30 16:34:13,386:INFO:python_version: 3.8.5
2022-10-30 16:34:13,386:INFO:python_build: ('default', 'Sep  4 2020 07:30:14')
2022-10-30 16:34:13,386:INFO:machine: x86_64
2022-10-30 16:34:13,412:INFO:platform: Linux-5.14.0-1054-oem-x86_64-with-glibc2.10
2022-10-30 16:34:13,412:INFO:Memory: svmem(total=33386254336, available=28538277888, percent=14.5, used=4099010560, free=28244746240, active=1647640576, inactive=2853367808, buffers=56160256, cached=986337280, shared=289759232, slab=311001088)
2022-10-30 16:34:13,413:INFO:Physical Core: 4
2022-10-30 16:34:13,413:INFO:Logical Core: 8
2022-10-30 16:34:13,413:INFO:Checking libraries
2022-10-30 16:34:13,413:INFO:pd==1.1.3
2022-10-30 16:34:13,413:INFO:numpy==1.19.2
2022-10-30 16:34:13,413:INFO:sklearn==0.23.2
2022-10-30 16:34:13,413:INFO:lightgbm==3.3.3
2022-10-30 16:34:13,414:WARNING:catboost not found
2022-10-30 16:34:13,414:WARNING:xgboost not found
2022-10-30 16:34:13,414:INFO:mlflow==1.30.0
2022-10-30 16:34:13,414:INFO:Checking Exceptions
2022-10-30 16:34:13,414:INFO:Declaring global variables
2022-10-30 16:34:13,414:INFO:USI: 8249
2022-10-30 16:34:13,414:INFO:pycaret_globals: {'_ml_usecase', 'log_plots_param', '_all_models', '_internal_pipeline', 'USI', 'exp_name_log', '_all_metrics', 'dashboard_logger', 'fix_imbalance_method_param', 'n_jobs_param', 'fold_param', 'master_model_container', 'gpu_param', 'experiment__', 'data_before_preprocess', 'fold_shuffle_param', 'seed', '_available_plots', 'logging_param', 'transform_target_method_param', 'fold_generator', 'fold_groups_param', 'stratify_param', 'prep_pipe', 'iterative_imputation_iters_param', 'fix_imbalance_param', 'target_param', 'imputation_regressor', 'transform_target_param', 'create_model_container', 'pycaret_globals', 'display_container', 'fold_groups_param_full', '_gpu_n_jobs_param', 'X', '_all_models_internal', 'html_param', 'imputation_classifier'}
2022-10-30 16:34:13,414:INFO:Preparing display monitor
2022-10-30 16:34:13,414:INFO:Preparing display monitor
2022-10-30 16:34:13,425:INFO:Importing libraries
2022-10-30 16:34:13,426:INFO:Copying data for preprocessing
2022-10-30 16:34:13,436:INFO:Declaring preprocessing parameters
2022-10-30 16:34:13,444:INFO:Creating preprocessing pipeline
2022-10-30 16:34:13,500:INFO:Preprocessing pipeline created successfully
2022-10-30 16:34:13,500:ERROR:(Process Exit): setup has been interupted with user command 'quit'. setup must rerun.
2022-10-30 16:34:13,500:INFO:Creating global containers
2022-10-30 16:34:13,502:INFO:Internal pipeline: Pipeline(memory=None, steps=[('empty_step', 'passthrough')], verbose=False)
2022-10-30 16:34:26,107:INFO:Creating grid variables
2022-10-30 16:34:26,181:INFO:create_model_container: 0
2022-10-30 16:34:26,181:INFO:master_model_container: 0
2022-10-30 16:34:26,181:INFO:display_container: 1
2022-10-30 16:34:26,187:INFO:Pipeline(memory=None,
         steps=[('dtypes',
                 DataTypes_Auto_infer(categorical_features=[],
                                      display_types=True, features_todrop=[],
                                      id_columns=[], ml_usecase='regression',
                                      numerical_features=[],
                                      target='UNSUPERVISED_DUMMY_TARGET',
                                      time_features=[])),
                ('imputer',
                 Simple_Imputer(categorical_strategy='most frequent',
                                fill_value_categorical=None,
                                fill_value_numerical=None...
                ('P_transform', 'passthrough'), ('binn', 'passthrough'),
                ('rem_outliers', 'passthrough'), ('cluster_all', 'passthrough'),
                ('dummy', Dummify(target='UNSUPERVISED_DUMMY_TARGET')),
                ('fix_perfect', 'passthrough'),
                ('clean_names', Clean_Colum_Names()),
                ('feature_select', 'passthrough'), ('fix_multi', 'passthrough'),
                ('dfs', 'passthrough'), ('pca', 'passthrough')],
         verbose=False)
2022-10-30 16:34:26,187:INFO:setup() succesfully completed......................................
2022-10-30 16:34:33,032:INFO:gpu_param set to False
2022-10-30 16:34:36,468:INFO:Initializing create_model()
2022-10-30 16:34:36,469:INFO:create_model(estimator=kmeans, num_clusters=4, fraction=0.05, ground_truth=None, round=4, fit_kwargs=None, verbose=True, system=True, add_to_model_list=True, raise_num_clusters=False, experiment_custom_tags=None, display=None, kwargs={})
2022-10-30 16:34:36,469:INFO:Checking exceptions
2022-10-30 16:34:36,469:INFO:Preparing display monitor
2022-10-30 16:34:36,502:INFO:Importing libraries
2022-10-30 16:34:36,516:INFO:Importing untrained model
2022-10-30 16:34:36,529:INFO:K-Means Clustering Imported succesfully
2022-10-30 16:34:36,543:INFO:Fitting Model
2022-10-30 16:43:44,164:INFO:KMeans(algorithm='auto', copy_x=True, init='k-means++', max_iter=300,
       n_clusters=4, n_init=10, n_jobs=-1, precompute_distances='deprecated',
       random_state=123, tol=0.0001, verbose=0)
2022-10-30 16:43:44,164:INFO:create_models() succesfully completed......................................
2022-10-30 16:43:44,165:INFO:Uploading results into container
2022-10-30 16:43:44,169:INFO:Uploading model into container now
2022-10-30 16:43:44,174:INFO:create_model_container: 1
2022-10-30 16:43:44,174:INFO:master_model_container: 1
2022-10-30 16:43:44,174:INFO:display_container: 2
2022-10-30 16:43:44,174:INFO:KMeans(algorithm='auto', copy_x=True, init='k-means++', max_iter=300,
       n_clusters=4, n_init=10, n_jobs=-1, precompute_distances='deprecated',
       random_state=123, tol=0.0001, verbose=0)
2022-10-30 16:43:44,174:INFO:create_model() succesfully completed......................................
2022-10-30 17:05:01,351:INFO:Initializing create_model()
2022-10-30 17:05:01,351:INFO:create_model(estimator=kmeans, num_clusters=4, fraction=0.05, ground_truth=None, round=4, fit_kwargs=None, verbose=True, system=True, add_to_model_list=True, raise_num_clusters=False, experiment_custom_tags=None, display=None, kwargs={'n_clusters': 6})
2022-10-30 17:05:01,351:INFO:Checking exceptions
2022-10-30 17:05:01,352:INFO:Preparing display monitor
2022-10-30 17:05:01,387:INFO:Importing libraries
2022-10-30 17:05:01,401:INFO:Importing untrained model
2022-10-30 17:05:01,412:INFO:K-Means Clustering Imported succesfully
2022-10-30 17:05:01,425:INFO:Fitting Model
2022-10-30 17:13:47,580:INFO:KMeans(algorithm='auto', copy_x=True, init='k-means++', max_iter=300,
       n_clusters=4, n_init=10, n_jobs=-1, precompute_distances='deprecated',
       random_state=123, tol=0.0001, verbose=0)
2022-10-30 17:13:47,580:INFO:create_models() succesfully completed......................................
2022-10-30 17:13:47,581:INFO:Uploading results into container
2022-10-30 17:13:47,585:INFO:Uploading model into container now
2022-10-30 17:13:47,590:INFO:create_model_container: 2
2022-10-30 17:13:47,591:INFO:master_model_container: 2
2022-10-30 17:13:47,591:INFO:display_container: 3
2022-10-30 17:13:47,591:INFO:KMeans(algorithm='auto', copy_x=True, init='k-means++', max_iter=300,
       n_clusters=4, n_init=10, n_jobs=-1, precompute_distances='deprecated',
       random_state=123, tol=0.0001, verbose=0)
2022-10-30 17:13:47,591:INFO:create_model() succesfully completed......................................
2022-10-30 17:17:44,891:INFO:Initializing assign_model()
2022-10-30 17:17:44,891:INFO:assign_model(model=KMeans(algorithm='auto', copy_x=True, init='k-means++', max_iter=300,
       n_clusters=4, n_init=10, n_jobs=-1, precompute_distances='deprecated',
       random_state=123, tol=0.0001, verbose=0), transformation=False, score=True, verbose=True)
2022-10-30 17:17:44,891:INFO:Checking exceptions
2022-10-30 17:17:44,892:INFO:Determining Trained Model
2022-10-30 17:17:44,892:INFO:Trained Model : K-Means Clustering
2022-10-30 17:17:44,892:INFO:Copying data
2022-10-30 17:17:44,920:INFO:(30935, 16)
2022-10-30 17:17:44,920:INFO:assign_model() succesfully completed......................................
2022-10-30 17:17:54,890:INFO:Initializing assign_model()
2022-10-30 17:17:54,890:INFO:assign_model(model=KMeans(algorithm='auto', copy_x=True, init='k-means++', max_iter=300,
       n_clusters=4, n_init=10, n_jobs=-1, precompute_distances='deprecated',
       random_state=123, tol=0.0001, verbose=0), transformation=False, score=True, verbose=True)
2022-10-30 17:17:54,890:INFO:Checking exceptions
2022-10-30 17:17:54,890:INFO:Determining Trained Model
2022-10-30 17:17:54,891:INFO:Trained Model : K-Means Clustering
2022-10-30 17:17:54,891:INFO:Copying data
2022-10-30 17:17:54,930:INFO:(30935, 16)
2022-10-30 17:17:54,930:INFO:assign_model() succesfully completed......................................
2022-10-30 17:17:57,895:INFO:Initializing assign_model()
2022-10-30 17:17:57,896:INFO:assign_model(model=KMeans(algorithm='auto', copy_x=True, init='k-means++', max_iter=300,
       n_clusters=4, n_init=10, n_jobs=-1, precompute_distances='deprecated',
       random_state=123, tol=0.0001, verbose=0), transformation=False, score=True, verbose=True)
2022-10-30 17:17:57,896:INFO:Checking exceptions
2022-10-30 17:17:57,896:INFO:Determining Trained Model
2022-10-30 17:17:57,896:INFO:Trained Model : K-Means Clustering
2022-10-30 17:17:57,896:INFO:Copying data
2022-10-30 17:17:57,933:INFO:(30935, 16)
2022-10-30 17:17:57,933:INFO:assign_model() succesfully completed......................................
2022-10-30 17:18:10,453:INFO:Initializing assign_model()
2022-10-30 17:18:10,453:INFO:assign_model(model=KMeans(algorithm='auto', copy_x=True, init='k-means++', max_iter=300,
       n_clusters=4, n_init=10, n_jobs=-1, precompute_distances='deprecated',
       random_state=123, tol=0.0001, verbose=0), transformation=False, score=True, verbose=True)
2022-10-30 17:18:10,453:INFO:Checking exceptions
2022-10-30 17:18:10,453:INFO:Determining Trained Model
2022-10-30 17:18:10,454:INFO:Trained Model : K-Means Clustering
2022-10-30 17:18:10,454:INFO:Copying data
2022-10-30 17:18:10,483:INFO:(30935, 16)
2022-10-30 17:18:10,484:INFO:assign_model() succesfully completed......................................
2022-10-30 17:18:34,218:INFO:Initializing plot_model()
2022-10-30 17:18:34,218:INFO:plot_model(fold=None, use_train_data=False, verbose=True, is_in_evaluate=False, display=None, display_format=None, estimator=KMeans(algorithm='auto', copy_x=True, init='k-means++', max_iter=300,
       n_clusters=4, n_init=10, n_jobs=-1, precompute_distances='deprecated',
       random_state=123, tol=0.0001, verbose=0), feature_name=None, fit_kwargs=None, groups=None, label=False, plot=cluster, plot_kwargs=None, save=False, scale=1, system=True)
2022-10-30 17:18:34,218:INFO:Checking exceptions
2022-10-30 17:18:34,219:INFO:Preparing display monitor
2022-10-30 17:18:34,231:INFO:Preloading libraries
2022-10-30 17:18:34,233:INFO:Copying training dataset
2022-10-30 17:18:34,743:INFO:Plot type: cluster
2022-10-30 17:18:34,744:INFO:SubProcess assign_model() called ==================================
2022-10-30 17:18:34,745:INFO:Initializing assign_model()
2022-10-30 17:18:34,745:INFO:assign_model(model=Pipeline(memory=None,
         steps=[('empty_step', 'passthrough'),
                ('actual_estimator',
                 KMeans(algorithm='auto', copy_x=True, init='k-means++',
                        max_iter=300, n_clusters=4, n_init=10, n_jobs=-1,
                        precompute_distances='deprecated', random_state=123,
                        tol=0.0001, verbose=0))],
         verbose=False), transformation=True, score=True, verbose=False)
2022-10-30 17:18:34,745:INFO:Checking exceptions
2022-10-30 17:18:34,745:INFO:Determining Trained Model
2022-10-30 17:18:34,745:INFO:Trained Model : K-Means Clustering
2022-10-30 17:18:34,745:INFO:Copying data
2022-10-30 17:18:35,247:INFO:Transformation param set to True. Assigned clusters are attached on transformed dataset.
2022-10-30 17:18:35,259:INFO:(30935, 21356)
2022-10-30 17:18:35,259:INFO:assign_model() succesfully completed......................................
2022-10-30 17:18:35,753:INFO:SubProcess assign_model() end ==================================
2022-10-30 17:18:37,273:INFO:Fitting PCA()
2022-10-30 17:18:43,080:INFO:Sorting dataframe
2022-10-30 17:18:43,099:INFO:Rendering Visual
2022-10-30 17:18:44,653:INFO:Visual Rendered Successfully
2022-10-30 17:18:44,746:INFO:plot_model() succesfully completed......................................
2022-10-30 17:20:36,175:INFO:Initializing plot_model()
2022-10-30 17:20:36,175:INFO:plot_model(fold=None, use_train_data=False, verbose=True, is_in_evaluate=False, display=None, display_format=None, estimator=KMeans(algorithm='auto', copy_x=True, init='k-means++', max_iter=300,
       n_clusters=4, n_init=10, n_jobs=-1, precompute_distances='deprecated',
       random_state=123, tol=0.0001, verbose=0), feature_name=None, fit_kwargs=None, groups=None, label=False, plot=elbow, plot_kwargs=None, save=False, scale=1, system=True)
2022-10-30 17:20:36,176:INFO:Checking exceptions
2022-10-30 17:20:36,176:INFO:Preparing display monitor
2022-10-30 17:20:36,189:INFO:Preloading libraries
2022-10-30 17:20:36,191:INFO:Copying training dataset
2022-10-30 17:20:36,703:INFO:Plot type: elbow
2022-10-30 17:20:36,730:INFO:Fitting Model
2022-10-30 17:52:47,317:INFO:Visual Rendered Successfully
2022-10-30 17:52:47,423:INFO:plot_model() succesfully completed......................................
2022-10-30 17:52:47,432:INFO:Initializing plot_model()
2022-10-30 17:52:47,432:INFO:plot_model(fold=None, use_train_data=False, verbose=True, is_in_evaluate=False, display=None, display_format=None, estimator=KMeans(algorithm='auto', copy_x=True, init='k-means++', max_iter=300,
       n_clusters=4, n_init=10, n_jobs=-1, precompute_distances='deprecated',
       random_state=123, tol=0.0001, verbose=0), feature_name=None, fit_kwargs=None, groups=None, label=False, plot=silhouette, plot_kwargs=None, save=False, scale=1, system=True)
2022-10-30 17:52:47,432:INFO:Checking exceptions
2022-10-30 17:52:47,432:INFO:Preparing display monitor
2022-10-30 17:52:47,439:INFO:Preloading libraries
2022-10-30 17:52:47,441:INFO:Copying training dataset
2022-10-30 17:52:47,962:INFO:Plot type: silhouette
2022-10-30 17:52:47,964:INFO:Fitting Model
2022-10-30 18:05:43,832:INFO:Visual Rendered Successfully
2022-10-30 18:05:43,931:INFO:plot_model() succesfully completed......................................
2022-10-30 18:15:54,240:INFO:Initializing plot_model()
2022-10-30 18:15:54,241:INFO:plot_model(fold=None, use_train_data=False, verbose=True, is_in_evaluate=False, display=None, display_format=None, estimator=KMeans(algorithm='auto', copy_x=True, init='k-means++', max_iter=300,
       n_clusters=4, n_init=10, n_jobs=-1, precompute_distances='deprecated',
       random_state=123, tol=0.0001, verbose=0), feature_name=None, fit_kwargs=None, groups=None, label=False, plot=distribution, plot_kwargs=None, save=False, scale=1, system=True)
2022-10-30 18:15:54,241:INFO:Checking exceptions
2022-10-30 18:15:54,242:INFO:Preparing display monitor
2022-10-30 18:15:54,255:INFO:Preloading libraries
2022-10-30 18:15:54,257:INFO:Copying training dataset
2022-10-30 18:15:54,774:INFO:Plot type: distribution
2022-10-30 18:15:54,775:INFO:SubProcess assign_model() called ==================================
2022-10-30 18:15:54,777:INFO:Initializing assign_model()
2022-10-30 18:15:54,777:INFO:assign_model(model=Pipeline(memory=None,
         steps=[('empty_step', 'passthrough'),
                ('actual_estimator',
                 KMeans(algorithm='auto', copy_x=True, init='k-means++',
                        max_iter=300, n_clusters=4, n_init=10, n_jobs=-1,
                        precompute_distances='deprecated', random_state=123,
                        tol=0.0001, verbose=0))],
         verbose=False), transformation=False, score=True, verbose=False)
2022-10-30 18:15:54,777:INFO:Checking exceptions
2022-10-30 18:15:54,777:INFO:Determining Trained Model
2022-10-30 18:15:54,777:INFO:Trained Model : K-Means Clustering
2022-10-30 18:15:54,777:INFO:Copying data
2022-10-30 18:15:54,789:INFO:(30935, 16)
2022-10-30 18:15:54,789:INFO:assign_model() succesfully completed......................................
2022-10-30 18:15:54,792:INFO:SubProcess assign_model() end ==================================
2022-10-30 18:15:54,792:INFO:Sorting dataframe
2022-10-30 18:15:54,834:INFO:Rendering Visual
2022-10-30 18:15:56,942:INFO:Visual Rendered Successfully
2022-10-30 18:15:57,031:INFO:plot_model() succesfully completed......................................
2022-10-30 18:16:08,076:INFO:Initializing plot_model()
2022-10-30 18:16:08,077:INFO:plot_model(fold=None, use_train_data=False, verbose=True, is_in_evaluate=False, display=None, display_format=None, estimator=KMeans(algorithm='auto', copy_x=True, init='k-means++', max_iter=300,
       n_clusters=4, n_init=10, n_jobs=-1, precompute_distances='deprecated',
       random_state=123, tol=0.0001, verbose=0), feature_name=class, fit_kwargs=None, groups=None, label=False, plot=distribution, plot_kwargs=None, save=False, scale=1, system=True)
2022-10-30 18:16:08,077:INFO:Checking exceptions
2022-10-30 18:16:08,077:INFO:Preparing display monitor
2022-10-30 18:16:08,090:INFO:Preloading libraries
2022-10-30 18:16:08,092:INFO:Copying training dataset
2022-10-30 18:16:08,609:INFO:Plot type: distribution
2022-10-30 18:16:08,610:INFO:SubProcess assign_model() called ==================================
2022-10-30 18:16:08,612:INFO:Initializing assign_model()
2022-10-30 18:16:08,612:INFO:assign_model(model=Pipeline(memory=None,
         steps=[('empty_step', 'passthrough'),
                ('actual_estimator',
                 KMeans(algorithm='auto', copy_x=True, init='k-means++',
                        max_iter=300, n_clusters=4, n_init=10, n_jobs=-1,
                        precompute_distances='deprecated', random_state=123,
                        tol=0.0001, verbose=0))],
         verbose=False), transformation=False, score=True, verbose=False)
2022-10-30 18:16:08,612:INFO:Checking exceptions
2022-10-30 18:16:08,612:INFO:Determining Trained Model
2022-10-30 18:16:08,612:INFO:Trained Model : K-Means Clustering
2022-10-30 18:16:08,612:INFO:Copying data
2022-10-30 18:16:08,623:INFO:(30935, 16)
2022-10-30 18:16:08,624:INFO:assign_model() succesfully completed......................................
2022-10-30 18:16:08,626:INFO:SubProcess assign_model() end ==================================
2022-10-30 18:16:08,627:INFO:Sorting dataframe
2022-10-30 18:16:08,670:INFO:Rendering Visual
2022-10-30 18:16:46,532:INFO:Initializing plot_model()
2022-10-30 18:16:46,532:INFO:plot_model(fold=None, use_train_data=False, verbose=True, is_in_evaluate=False, display=None, display_format=None, estimator=KMeans(algorithm='auto', copy_x=True, init='k-means++', max_iter=300,
       n_clusters=4, n_init=10, n_jobs=-1, precompute_distances='deprecated',
       random_state=123, tol=0.0001, verbose=0), feature_name=capital-gain, fit_kwargs=None, groups=None, label=False, plot=distribution, plot_kwargs=None, save=False, scale=1, system=True)
2022-10-30 18:16:46,532:INFO:Checking exceptions
2022-10-30 18:16:46,532:INFO:Preparing display monitor
2022-10-30 18:16:46,545:INFO:Preloading libraries
2022-10-30 18:16:46,547:INFO:Copying training dataset
2022-10-30 18:16:47,064:INFO:Plot type: distribution
2022-10-30 18:16:47,065:INFO:SubProcess assign_model() called ==================================
2022-10-30 18:16:47,066:INFO:Initializing assign_model()
2022-10-30 18:16:47,066:INFO:assign_model(model=Pipeline(memory=None,
         steps=[('empty_step', 'passthrough'),
                ('actual_estimator',
                 KMeans(algorithm='auto', copy_x=True, init='k-means++',
                        max_iter=300, n_clusters=4, n_init=10, n_jobs=-1,
                        precompute_distances='deprecated', random_state=123,
                        tol=0.0001, verbose=0))],
         verbose=False), transformation=False, score=True, verbose=False)
2022-10-30 18:16:47,066:INFO:Checking exceptions
2022-10-30 18:16:47,066:INFO:Determining Trained Model
2022-10-30 18:16:47,066:INFO:Trained Model : K-Means Clustering
2022-10-30 18:16:47,066:INFO:Copying data
2022-10-30 18:16:47,079:INFO:(30935, 16)
2022-10-30 18:16:47,079:INFO:assign_model() succesfully completed......................................
2022-10-30 18:16:47,082:INFO:SubProcess assign_model() end ==================================
2022-10-30 18:16:47,082:INFO:Sorting dataframe
2022-10-30 18:16:47,124:INFO:Rendering Visual
2022-10-30 18:16:49,191:INFO:Visual Rendered Successfully
2022-10-30 18:16:49,295:INFO:plot_model() succesfully completed......................................
2022-10-30 18:17:21,860:INFO:Initializing plot_model()
2022-10-30 18:17:21,860:INFO:plot_model(fold=None, use_train_data=False, verbose=True, is_in_evaluate=False, display=None, display_format=None, estimator=KMeans(algorithm='auto', copy_x=True, init='k-means++', max_iter=300,
       n_clusters=4, n_init=10, n_jobs=-1, precompute_distances='deprecated',
       random_state=123, tol=0.0001, verbose=0), feature_name=hours-per-week, fit_kwargs=None, groups=None, label=False, plot=distribution, plot_kwargs=None, save=False, scale=1, system=True)
2022-10-30 18:17:21,860:INFO:Checking exceptions
2022-10-30 18:17:21,861:INFO:Preparing display monitor
2022-10-30 18:17:21,879:INFO:Preloading libraries
2022-10-30 18:17:21,882:INFO:Copying training dataset
2022-10-30 18:17:22,386:INFO:Plot type: distribution
2022-10-30 18:17:22,387:INFO:SubProcess assign_model() called ==================================
2022-10-30 18:17:22,388:INFO:Initializing assign_model()
2022-10-30 18:17:22,388:INFO:assign_model(model=Pipeline(memory=None,
         steps=[('empty_step', 'passthrough'),
                ('actual_estimator',
                 KMeans(algorithm='auto', copy_x=True, init='k-means++',
                        max_iter=300, n_clusters=4, n_init=10, n_jobs=-1,
                        precompute_distances='deprecated', random_state=123,
                        tol=0.0001, verbose=0))],
         verbose=False), transformation=False, score=True, verbose=False)
2022-10-30 18:17:22,388:INFO:Checking exceptions
2022-10-30 18:17:22,388:INFO:Determining Trained Model
2022-10-30 18:17:22,388:INFO:Trained Model : K-Means Clustering
2022-10-30 18:17:22,388:INFO:Copying data
2022-10-30 18:17:22,400:INFO:(30935, 16)
2022-10-30 18:17:22,400:INFO:assign_model() succesfully completed......................................
2022-10-30 18:17:22,403:INFO:SubProcess assign_model() end ==================================
2022-10-30 18:17:22,403:INFO:Sorting dataframe
2022-10-30 18:17:22,446:INFO:Rendering Visual
2022-10-30 18:17:24,452:INFO:Visual Rendered Successfully
2022-10-30 18:17:24,544:INFO:plot_model() succesfully completed......................................
2022-10-30 18:17:58,650:INFO:Initializing predict_model()
2022-10-30 18:17:58,651:INFO:predict_model(estimator=KMeans(algorithm='auto', copy_x=True, init='k-means++', max_iter=300,
       n_clusters=4, n_init=10, n_jobs=-1, precompute_distances='deprecated',
       random_state=123, tol=0.0001, verbose=0), ml_usecase=MLUsecase.CLUSTERING)
2022-10-30 18:18:09,161:INFO:Initializing predict_model()
2022-10-30 18:18:09,161:INFO:predict_model(estimator=KMeans(algorithm='auto', copy_x=True, init='k-means++', max_iter=300,
       n_clusters=4, n_init=10, n_jobs=-1, precompute_distances='deprecated',
       random_state=123, tol=0.0001, verbose=0), ml_usecase=MLUsecase.CLUSTERING)
2022-10-30 18:18:36,084:INFO:Initializing save_model()
2022-10-30 18:18:36,084:INFO:save_model(model=KMeans(algorithm='auto', copy_x=True, init='k-means++', max_iter=300,
       n_clusters=4, n_init=10, n_jobs=-1, precompute_distances='deprecated',
       random_state=123, tol=0.0001, verbose=0), model_name=Final KMeans Model 30-10-2022, prep_pipe_=Pipeline(memory=None,
         steps=[('dtypes',
                 DataTypes_Auto_infer(categorical_features=[],
                                      display_types=True, features_todrop=[],
                                      id_columns=[], ml_usecase='regression',
                                      numerical_features=[],
                                      target='UNSUPERVISED_DUMMY_TARGET',
                                      time_features=[])),
                ('imputer',
                 Simple_Imputer(categorical_strategy='most frequent',
                                fill_value_categorical=None,
                                fill_value_numerical=None...
                ('P_transform', 'passthrough'), ('binn', 'passthrough'),
                ('rem_outliers', 'passthrough'), ('cluster_all', 'passthrough'),
                ('dummy', Dummify(target='UNSUPERVISED_DUMMY_TARGET')),
                ('fix_perfect', 'passthrough'),
                ('clean_names', Clean_Colum_Names()),
                ('feature_select', 'passthrough'), ('fix_multi', 'passthrough'),
                ('dfs', 'passthrough'), ('pca', 'passthrough')],
         verbose=False), verbose=True, kwargs={})
2022-10-30 18:18:36,084:INFO:Adding model into prep_pipe
2022-10-30 18:18:36,150:INFO:Final KMeans Model 30-10-2022.pkl saved in current working directory
2022-10-30 18:18:36,154:INFO:Pipeline(memory=None,
         steps=[('dtypes',
                 DataTypes_Auto_infer(categorical_features=[],
                                      display_types=True, features_todrop=[],
                                      id_columns=[], ml_usecase='regression',
                                      numerical_features=[],
                                      target='UNSUPERVISED_DUMMY_TARGET',
                                      time_features=[])),
                ('imputer',
                 Simple_Imputer(categorical_strategy='most frequent',
                                fill_value_categorical=None,
                                fill_value_numerical=None...
                ('fix_perfect', 'passthrough'),
                ('clean_names', Clean_Colum_Names()),
                ('feature_select', 'passthrough'), ('fix_multi', 'passthrough'),
                ('dfs', 'passthrough'), ('pca', 'passthrough'),
                ['trained_model',
                 KMeans(algorithm='auto', copy_x=True, init='k-means++',
                        max_iter=300, n_clusters=4, n_init=10, n_jobs=-1,
                        precompute_distances='deprecated', random_state=123,
                        tol=0.0001, verbose=0)]],
         verbose=False)
2022-10-30 18:18:36,155:INFO:save_model() successfully completed......................................
2022-10-30 18:18:58,334:INFO:Initializing load_model()
2022-10-30 18:18:58,335:INFO:load_model(model_name=Final KMeans Model 30-10-2022, platform=None, authentication=None, verbose=True)
2022-10-30 18:19:06,760:INFO:Initializing predict_model()
2022-10-30 18:19:06,761:INFO:predict_model(estimator=Pipeline(memory=None,
         steps=[('dtypes',
                 DataTypes_Auto_infer(categorical_features=[],
                                      display_types=True, features_todrop=[],
                                      id_columns=[], ml_usecase='regression',
                                      numerical_features=[],
                                      target='UNSUPERVISED_DUMMY_TARGET',
                                      time_features=[])),
                ('imputer',
                 Simple_Imputer(categorical_strategy='most frequent',
                                fill_value_categorical=None,
                                fill_value_numerical=None...
                ('fix_perfect', 'passthrough'),
                ('clean_names', Clean_Colum_Names()),
                ('feature_select', 'passthrough'), ('fix_multi', 'passthrough'),
                ('dfs', 'passthrough'), ('pca', 'passthrough'),
                ['trained_model',
                 KMeans(algorithm='auto', copy_x=True, init='k-means++',
                        max_iter=300, n_clusters=4, n_init=10, n_jobs=-1,
                        precompute_distances='deprecated', random_state=123,
                        tol=0.0001, verbose=0)]],
         verbose=False), ml_usecase=MLUsecase.CLUSTERING)
2022-10-30 18:19:15,400:INFO:Initializing predict_model()
2022-10-30 18:19:15,400:INFO:predict_model(estimator=Pipeline(memory=None,
         steps=[('dtypes',
                 DataTypes_Auto_infer(categorical_features=[],
                                      display_types=True, features_todrop=[],
                                      id_columns=[], ml_usecase='regression',
                                      numerical_features=[],
                                      target='UNSUPERVISED_DUMMY_TARGET',
                                      time_features=[])),
                ('imputer',
                 Simple_Imputer(categorical_strategy='most frequent',
                                fill_value_categorical=None,
                                fill_value_numerical=None...
                ('fix_perfect', 'passthrough'),
                ('clean_names', Clean_Colum_Names()),
                ('feature_select', 'passthrough'), ('fix_multi', 'passthrough'),
                ('dfs', 'passthrough'), ('pca', 'passthrough'),
                ['trained_model',
                 KMeans(algorithm='auto', copy_x=True, init='k-means++',
                        max_iter=300, n_clusters=4, n_init=10, n_jobs=-1,
                        precompute_distances='deprecated', random_state=123,
                        tol=0.0001, verbose=0)]],
         verbose=False), ml_usecase=MLUsecase.CLUSTERING)
